2021-01-18 21:43:12,071 [DEBUG] 로그를 남겨보는 테스트를 진행합니다.
2021-01-24 15:44:21,096 [DEBUG] 로그를 남겨보는 테스트를 진행합니다.
2021-01-25 20:54:11,136 [DEBUG] POST http://127.0.0.1:58802/session {"capabilities": {"firstMatch": [{}], "alwaysMatch": {"browserName": "chrome", "platformName": "any", "goog:chromeOptions": {"extensions": [], "args": []}}}, "desiredCapabilities": {"browserName": "chrome", "version": "", "platform": "ANY", "goog:chromeOptions": {"extensions": [], "args": []}}}
2021-01-25 20:54:11,142 [DEBUG] Starting new HTTP connection (1): 127.0.0.1:58802
2021-01-25 20:54:12,498 [DEBUG] http://127.0.0.1:58802 "POST /session HTTP/1.1" 500 992
2021-01-25 20:54:12,504 [DEBUG] Finished Request
2021-01-25 20:54:24,608 [DEBUG] POST http://127.0.0.1:58832/session {"capabilities": {"firstMatch": [{}], "alwaysMatch": {"browserName": "chrome", "platformName": "any", "goog:chromeOptions": {"extensions": [], "args": []}}}, "desiredCapabilities": {"browserName": "chrome", "version": "", "platform": "ANY", "goog:chromeOptions": {"extensions": [], "args": []}}}
2021-01-25 20:54:24,614 [DEBUG] Starting new HTTP connection (1): 127.0.0.1:58832
2021-01-25 20:54:26,012 [DEBUG] http://127.0.0.1:58832 "POST /session HTTP/1.1" 500 992
2021-01-25 20:54:26,017 [DEBUG] Finished Request
2021-01-26 14:54:19,370 [DEBUG] POST http://127.0.0.1:59230/session {"capabilities": {"firstMatch": [{}], "alwaysMatch": {"browserName": "chrome", "platformName": "any", "goog:chromeOptions": {"extensions": [], "args": []}}}, "desiredCapabilities": {"browserName": "chrome", "version": "", "platform": "ANY", "goog:chromeOptions": {"extensions": [], "args": []}}}
2021-01-26 14:54:19,375 [DEBUG] Starting new HTTP connection (1): 127.0.0.1:59230
2021-01-26 14:54:20,641 [DEBUG] http://127.0.0.1:59230 "POST /session HTTP/1.1" 500 992
2021-01-26 14:54:20,646 [DEBUG] Finished Request
2021-02-08 18:37:59,206 [DEBUG] Starting new HTTPS connection (1): api.upbit.com:443
2021-02-08 18:37:59,336 [DEBUG] https://api.upbit.com:443 "GET /v1/market/all HTTP/1.1" 200 None
2021-02-08 18:38:58,597 [DEBUG] Starting new HTTPS connection (1): api.upbit.com:443
2021-02-08 18:38:58,816 [DEBUG] https://api.upbit.com:443 "GET /v1/market/all HTTP/1.1" 200 None
2021-02-08 18:39:00,007 [DEBUG] Starting new HTTPS connection (1): api.upbit.com:443
2021-02-08 18:39:00,094 [DEBUG] https://api.upbit.com:443 "GET /v1/market/all HTTP/1.1" 200 None
2021-02-08 18:39:01,002 [DEBUG] Starting new HTTPS connection (1): api.upbit.com:443
2021-02-08 18:39:01,120 [DEBUG] https://api.upbit.com:443 "GET /v1/market/all HTTP/1.1" 200 None
2021-02-08 18:39:35,472 [DEBUG] Starting new HTTPS connection (1): api.upbit.com:443
2021-02-08 18:39:35,598 [DEBUG] https://api.upbit.com:443 "GET /v1/ticker?markets=KRW-BTC HTTP/1.1" 200 None
2021-02-08 18:40:06,992 [DEBUG] Starting new HTTPS connection (1): api.upbit.com:443
2021-02-08 18:40:07,079 [DEBUG] https://api.upbit.com:443 "GET /v1/ticker?markets=KRW-BTC&markets=KRW-XRP HTTP/1.1" 200 None
2021-02-08 18:40:44,930 [DEBUG] Starting new HTTPS connection (1): api.upbit.com:443
2021-02-08 18:40:45,328 [DEBUG] https://api.upbit.com:443 "GET /v1/candles/days?market=KRW-BTC&count=5 HTTP/1.1" 200 None
2021-02-08 18:40:47,260 [DEBUG] Starting new HTTPS connection (1): api.upbit.com:443
2021-02-08 18:40:47,382 [DEBUG] https://api.upbit.com:443 "GET /v1/candles/minutes/1?market=KRW-BTC&count=200 HTTP/1.1" 200 None
2021-02-08 18:40:48,285 [DEBUG] Starting new HTTPS connection (1): api.upbit.com:443
2021-02-08 18:40:48,410 [DEBUG] https://api.upbit.com:443 "GET /v1/candles/weeks?market=KRW-BTC&count=200 HTTP/1.1" 200 None
2021-02-08 18:41:24,088 [DEBUG] Starting new HTTPS connection (1): api.upbit.com:443
2021-02-08 18:41:24,196 [DEBUG] https://api.upbit.com:443 "GET /v1/orderbook?markets=KRW-BTC HTTP/1.1" 200 None
2021-02-08 18:41:25,005 [DEBUG] Starting new HTTPS connection (1): api.upbit.com:443
2021-02-08 18:41:25,105 [DEBUG] https://api.upbit.com:443 "GET /v1/orderbook?markets=KRW-BTC&markets=KRW-XRP HTTP/1.1" 200 None
2021-02-08 19:17:52,055 [DEBUG] Starting new HTTPS connection (1): api.upbit.com:443
2021-02-08 19:17:52,293 [DEBUG] https://api.upbit.com:443 "GET /v1/market/all HTTP/1.1" 200 None
2021-02-08 19:35:22,670 [DEBUG] Starting new HTTPS connection (1): api.upbit.com:443
2021-02-08 19:35:22,759 [DEBUG] https://api.upbit.com:443 "GET /v1/market/all HTTP/1.1" 200 None
2021-02-08 19:35:32,290 [DEBUG] Starting new HTTPS connection (1): api.upbit.com:443
2021-02-08 19:35:32,382 [DEBUG] https://api.upbit.com:443 "GET /v1/market/all HTTP/1.1" 200 None
2021-02-13 16:28:24,273 [DEBUG] Starting new HTTPS connection (1): api.upbit.com:443
2021-02-13 16:28:24,463 [DEBUG] https://api.upbit.com:443 "GET /v1/ticker?markets=KRW-BTC HTTP/1.1" 200 None
2021-02-13 16:28:27,731 [DEBUG] Starting new HTTPS connection (1): api.upbit.com:443
2021-02-13 16:28:27,889 [DEBUG] https://api.upbit.com:443 "GET /v1/market/all HTTP/1.1" 200 None
